<?xml version="1.0" encoding="UTF-8"?>
<coverage generated="1542062001810" clover="3.2.0">
  <project timestamp="1542062001810" name="All files">
    <metrics statements="377" coveredstatements="199" conditionals="371" coveredconditionals="46" methods="138" coveredmethods="54" elements="886" coveredelements="299" complexity="0" loc="377" ncloc="377" packages="24" files="40" classes="40">
      <package name="coverage.lcov-report">
        <metrics statements="78" coveredstatements="0" conditionals="306" coveredconditionals="0" methods="46" coveredmethods="0"/>
        <file name="prettify.js" path="/Users/remek/workspace/kanban-app/coverage/lcov-report/prettify.js">
          <metrics statements="1" coveredstatements="0" conditionals="284" coveredconditionals="0" methods="29" coveredmethods="0"/>
          <line num="1" count="0" type="cond" truecount="0" falsecount="284"/>
        </file>
        <file name="sorter.js" path="/Users/remek/workspace/kanban-app/coverage/lcov-report/sorter.js">
          <metrics statements="77" coveredstatements="0" conditionals="22" coveredconditionals="0" methods="17" coveredmethods="0"/>
          <line num="1" count="0" type="stmt"/>
          <line num="4" count="0" type="stmt"/>
          <line num="10" count="0" type="stmt"/>
          <line num="12" count="0" type="stmt"/>
          <line num="14" count="0" type="stmt"/>
          <line num="16" count="0" type="stmt"/>
          <line num="20" count="0" type="stmt"/>
          <line num="22" count="0" type="stmt"/>
          <line num="26" count="0" type="stmt"/>
          <line num="27" count="0" type="stmt"/>
          <line num="28" count="0" type="stmt"/>
          <line num="33" count="0" type="stmt"/>
          <line num="34" count="0" type="cond" truecount="0" falsecount="2"/>
          <line num="35" count="0" type="stmt"/>
          <line num="36" count="0" type="stmt"/>
          <line num="39" count="0" type="stmt"/>
          <line num="44" count="0" type="stmt"/>
          <line num="47" count="0" type="stmt"/>
          <line num="50" count="0" type="stmt"/>
          <line num="51" count="0" type="stmt"/>
          <line num="52" count="0" type="stmt"/>
          <line num="53" count="0" type="stmt"/>
          <line num="54" count="0" type="cond" truecount="0" falsecount="2"/>
          <line num="55" count="0" type="stmt"/>
          <line num="57" count="0" type="stmt"/>
          <line num="59" count="0" type="stmt"/>
          <line num="63" count="0" type="stmt"/>
          <line num="66" count="0" type="stmt"/>
          <line num="67" count="0" type="stmt"/>
          <line num="72" count="0" type="stmt"/>
          <line num="73" count="0" type="stmt"/>
          <line num="74" count="0" type="stmt"/>
          <line num="75" count="0" type="stmt"/>
          <line num="76" count="0" type="cond" truecount="0" falsecount="4"/>
          <line num="78" count="0" type="stmt"/>
          <line num="79" count="0" type="stmt"/>
          <line num="80" count="0" type="stmt"/>
          <line num="81" count="0" type="stmt"/>
          <line num="84" count="0" type="cond" truecount="0" falsecount="2"/>
          <line num="85" count="0" type="stmt"/>
          <line num="86" count="0" type="stmt"/>
          <line num="90" count="0" type="stmt"/>
          <line num="91" count="0" type="stmt"/>
          <line num="92" count="0" type="stmt"/>
          <line num="95" count="0" type="stmt"/>
          <line num="97" count="0" type="stmt"/>
          <line num="98" count="0" type="stmt"/>
          <line num="103" count="0" type="stmt"/>
          <line num="104" count="0" type="stmt"/>
          <line num="106" count="0" type="stmt"/>
          <line num="107" count="0" type="stmt"/>
          <line num="111" count="0" type="cond" truecount="0" falsecount="2"/>
          <line num="117" count="0" type="stmt"/>
          <line num="118" count="0" type="stmt"/>
          <line num="120" count="0" type="stmt"/>
          <line num="121" count="0" type="stmt"/>
          <line num="123" count="0" type="cond" truecount="0" falsecount="2"/>
          <line num="124" count="0" type="stmt"/>
          <line num="126" count="0" type="stmt"/>
          <line num="127" count="0" type="stmt"/>
          <line num="128" count="0" type="stmt"/>
          <line num="129" count="0" type="stmt"/>
          <line num="130" count="0" type="stmt"/>
          <line num="133" count="0" type="stmt"/>
          <line num="134" count="0" type="cond" truecount="0" falsecount="2"/>
          <line num="137" count="0" type="stmt"/>
          <line num="138" count="0" type="cond" truecount="0" falsecount="2"/>
          <line num="139" count="0" type="stmt"/>
          <line num="141" count="0" type="stmt"/>
          <line num="147" count="0" type="stmt"/>
          <line num="148" count="0" type="cond" truecount="0" falsecount="2"/>
          <line num="149" count="0" type="stmt"/>
          <line num="151" count="0" type="stmt"/>
          <line num="152" count="0" type="stmt"/>
          <line num="153" count="0" type="stmt"/>
          <line num="154" count="0" type="stmt"/>
          <line num="158" count="0" type="stmt"/>
        </file>
      </package>
      <package name="server">
        <metrics statements="23" coveredstatements="0" conditionals="8" coveredconditionals="0" methods="2" coveredmethods="0"/>
        <file name="server.js" path="/Users/remek/workspace/kanban-app/server/server.js">
          <metrics statements="23" coveredstatements="0" conditionals="8" coveredconditionals="0" methods="2" coveredmethods="0"/>
          <line num="1" count="0" type="stmt"/>
          <line num="3" count="0" type="stmt"/>
          <line num="4" count="0" type="stmt"/>
          <line num="5" count="0" type="stmt"/>
          <line num="6" count="0" type="stmt"/>
          <line num="7" count="0" type="stmt"/>
          <line num="9" count="0" type="stmt"/>
          <line num="11" count="0" type="stmt"/>
          <line num="13" count="0" type="stmt"/>
          <line num="14" count="0" type="stmt"/>
          <line num="16" count="0" type="cond" truecount="0" falsecount="2"/>
          <line num="17" count="0" type="stmt"/>
          <line num="19" count="0" type="stmt"/>
          <line num="20" count="0" type="stmt"/>
          <line num="23" count="0" type="stmt"/>
          <line num="24" count="0" type="cond" truecount="0" falsecount="2"/>
          <line num="25" count="0" type="stmt"/>
          <line num="27" count="0" type="stmt"/>
          <line num="28" count="0" type="stmt"/>
          <line num="32" count="0" type="cond" truecount="0" falsecount="2"/>
          <line num="33" count="0" type="stmt"/>
          <line num="34" count="0" type="cond" truecount="0" falsecount="2"/>
          <line num="35" count="0" type="stmt"/>
        </file>
      </package>
      <package name="server.middleware">
        <metrics statements="18" coveredstatements="0" conditionals="4" coveredconditionals="0" methods="1" coveredmethods="0"/>
        <file name="logger.js" path="/Users/remek/workspace/kanban-app/server/middleware/logger.js">
          <metrics statements="5" coveredstatements="0" conditionals="2" coveredconditionals="0" methods="1" coveredmethods="0"/>
          <line num="1" count="0" type="stmt"/>
          <line num="4" count="0" type="cond" truecount="0" falsecount="2"/>
          <line num="5" count="0" type="stmt"/>
          <line num="7" count="0" type="stmt"/>
          <line num="11" count="0" type="stmt"/>
        </file>
        <file name="webpack.js" path="/Users/remek/workspace/kanban-app/server/middleware/webpack.js">
          <metrics statements="13" coveredstatements="0" conditionals="2" coveredconditionals="0" methods="0" coveredmethods="0"/>
          <line num="1" count="0" type="cond" truecount="0" falsecount="2"/>
          <line num="2" count="0" type="stmt"/>
          <line num="7" count="0" type="stmt"/>
          <line num="8" count="0" type="stmt"/>
          <line num="9" count="0" type="stmt"/>
          <line num="10" count="0" type="stmt"/>
          <line num="12" count="0" type="stmt"/>
          <line num="14" count="0" type="stmt"/>
          <line num="16" count="0" type="stmt"/>
          <line num="17" count="0" type="stmt"/>
          <line num="19" count="0" type="stmt"/>
          <line num="24" count="0" type="stmt"/>
          <line num="26" count="0" type="stmt"/>
        </file>
      </package>
      <package name="src">
        <metrics statements="8" coveredstatements="0" conditionals="0" coveredconditionals="0" methods="0" coveredmethods="0"/>
        <file name="index.tsx" path="/Users/remek/workspace/kanban-app/src/index.tsx">
          <metrics statements="8" coveredstatements="0" conditionals="0" coveredconditionals="0" methods="0" coveredmethods="0"/>
          <line num="1" count="0" type="stmt"/>
          <line num="2" count="0" type="stmt"/>
          <line num="3" count="0" type="stmt"/>
          <line num="4" count="0" type="stmt"/>
          <line num="6" count="0" type="stmt"/>
          <line num="7" count="0" type="stmt"/>
          <line num="9" count="0" type="stmt"/>
          <line num="11" count="0" type="stmt"/>
        </file>
      </package>
      <package name="src.actions">
        <metrics statements="22" coveredstatements="22" conditionals="4" coveredconditionals="4" methods="8" coveredmethods="8"/>
        <file name="cardActions.ts" path="/Users/remek/workspace/kanban-app/src/actions/cardActions.ts">
          <metrics statements="11" coveredstatements="11" conditionals="2" coveredconditionals="2" methods="4" coveredmethods="4"/>
          <line num="2" count="7" type="stmt"/>
          <line num="6" count="7" type="cond" truecount="2" falsecount="0"/>
          <line num="7" count="7" type="stmt"/>
          <line num="8" count="7" type="stmt"/>
          <line num="9" count="7" type="stmt"/>
          <line num="37" count="7" type="stmt"/>
          <line num="38" count="2" type="stmt"/>
          <line num="51" count="7" type="stmt"/>
          <line num="52" count="2" type="stmt"/>
          <line num="61" count="7" type="stmt"/>
          <line num="62" count="1" type="stmt"/>
        </file>
        <file name="laneActions.ts" path="/Users/remek/workspace/kanban-app/src/actions/laneActions.ts">
          <metrics statements="11" coveredstatements="11" conditionals="2" coveredconditionals="2" methods="4" coveredmethods="4"/>
          <line num="2" count="6" type="stmt"/>
          <line num="6" count="6" type="cond" truecount="2" falsecount="0"/>
          <line num="7" count="6" type="stmt"/>
          <line num="8" count="6" type="stmt"/>
          <line num="9" count="6" type="stmt"/>
          <line num="36" count="6" type="stmt"/>
          <line num="37" count="1" type="stmt"/>
          <line num="49" count="6" type="stmt"/>
          <line num="50" count="2" type="stmt"/>
          <line num="58" count="6" type="stmt"/>
          <line num="59" count="1" type="stmt"/>
        </file>
      </package>
      <package name="src.components.App">
        <metrics statements="8" coveredstatements="8" conditionals="0" coveredconditionals="0" methods="1" coveredmethods="1"/>
        <file name="App.tsx" path="/Users/remek/workspace/kanban-app/src/components/App/App.tsx">
          <metrics statements="6" coveredstatements="6" conditionals="0" coveredconditionals="0" methods="1" coveredmethods="1"/>
          <line num="1" count="1" type="stmt"/>
          <line num="2" count="1" type="stmt"/>
          <line num="4" count="1" type="stmt"/>
          <line num="6" count="1" type="stmt"/>
          <line num="8" count="2" type="stmt"/>
          <line num="12" count="1" type="stmt"/>
        </file>
        <file name="index.ts" path="/Users/remek/workspace/kanban-app/src/components/App/index.ts">
          <metrics statements="2" coveredstatements="2" conditionals="0" coveredconditionals="0" methods="0" coveredmethods="0"/>
          <line num="1" count="1" type="stmt"/>
          <line num="3" count="1" type="stmt"/>
        </file>
      </package>
      <package name="src.components.App.__snapshots__">
        <metrics statements="1" coveredstatements="0" conditionals="0" coveredconditionals="0" methods="0" coveredmethods="0"/>
        <file name="App.spec.tsx.snap" path="/Users/remek/workspace/kanban-app/src/components/App/__snapshots__/App.spec.tsx.snap">
          <metrics statements="1" coveredstatements="0" conditionals="0" coveredconditionals="0" methods="0" coveredmethods="0"/>
          <line num="3" count="0" type="stmt"/>
        </file>
      </package>
      <package name="src.components.Board">
        <metrics statements="14" coveredstatements="14" conditionals="0" coveredconditionals="0" methods="4" coveredmethods="2"/>
        <file name="Board.tsx" path="/Users/remek/workspace/kanban-app/src/components/Board/Board.tsx">
          <metrics statements="12" coveredstatements="12" conditionals="0" coveredconditionals="0" methods="4" coveredmethods="2"/>
          <line num="1" count="2" type="stmt"/>
          <line num="2" count="2" type="stmt"/>
          <line num="3" count="2" type="stmt"/>
          <line num="5" count="2" type="stmt"/>
          <line num="8" count="2" type="stmt"/>
          <line num="9" count="2" type="stmt"/>
          <line num="11" count="2" type="stmt"/>
          <line num="23" count="2" type="stmt"/>
          <line num="26" count="6" type="stmt"/>
          <line num="34" count="2" type="stmt"/>
          <line num="38" count="2" type="stmt"/>
          <line num="44" count="2" type="stmt"/>
        </file>
        <file name="index.ts" path="/Users/remek/workspace/kanban-app/src/components/Board/index.ts">
          <metrics statements="2" coveredstatements="2" conditionals="0" coveredconditionals="0" methods="0" coveredmethods="0"/>
          <line num="1" count="1" type="stmt"/>
          <line num="3" count="1" type="stmt"/>
        </file>
      </package>
      <package name="src.components.Board.__snapshots__">
        <metrics statements="1" coveredstatements="0" conditionals="0" coveredconditionals="0" methods="0" coveredmethods="0"/>
        <file name="Board.spec.tsx.snap" path="/Users/remek/workspace/kanban-app/src/components/Board/__snapshots__/Board.spec.tsx.snap">
          <metrics statements="1" coveredstatements="0" conditionals="0" coveredconditionals="0" methods="0" coveredmethods="0"/>
          <line num="3" count="0" type="stmt"/>
        </file>
      </package>
      <package name="src.components.Card">
        <metrics statements="18" coveredstatements="13" conditionals="0" coveredconditionals="0" methods="6" coveredmethods="1"/>
        <file name="Card.tsx" path="/Users/remek/workspace/kanban-app/src/components/Card/Card.tsx">
          <metrics statements="16" coveredstatements="11" conditionals="0" coveredconditionals="0" methods="6" coveredmethods="1"/>
          <line num="1" count="4" type="stmt"/>
          <line num="2" count="4" type="stmt"/>
          <line num="3" count="4" type="stmt"/>
          <line num="5" count="4" type="stmt"/>
          <line num="7" count="4" type="stmt"/>
          <line num="8" count="4" type="stmt"/>
          <line num="10" count="4" type="stmt"/>
          <line num="30" count="4" type="stmt"/>
          <line num="50" count="4" type="stmt"/>
          <line num="51" count="0" type="stmt"/>
          <line num="53" count="0" type="stmt"/>
          <line num="56" count="4" type="stmt"/>
          <line num="58" count="0" type="stmt"/>
          <line num="59" count="0" type="stmt"/>
          <line num="60" count="0" type="stmt"/>
          <line num="64" count="4" type="stmt"/>
        </file>
        <file name="index.ts" path="/Users/remek/workspace/kanban-app/src/components/Card/index.ts">
          <metrics statements="2" coveredstatements="2" conditionals="0" coveredconditionals="0" methods="0" coveredmethods="0"/>
          <line num="1" count="3" type="stmt"/>
          <line num="3" count="3" type="stmt"/>
        </file>
      </package>
      <package name="src.components.Card.__snapshots__">
        <metrics statements="1" coveredstatements="0" conditionals="0" coveredconditionals="0" methods="0" coveredmethods="0"/>
        <file name="Card.spec.tsx.snap" path="/Users/remek/workspace/kanban-app/src/components/Card/__snapshots__/Card.spec.tsx.snap">
          <metrics statements="1" coveredstatements="0" conditionals="0" coveredconditionals="0" methods="0" coveredmethods="0"/>
          <line num="3" count="0" type="stmt"/>
        </file>
      </package>
      <package name="src.components.Editable">
        <metrics statements="39" coveredstatements="26" conditionals="20" coveredconditionals="15" methods="14" coveredmethods="6"/>
        <file name="Editable.tsx" path="/Users/remek/workspace/kanban-app/src/components/Editable/Editable.tsx">
          <metrics statements="37" coveredstatements="24" conditionals="20" coveredconditionals="15" methods="14" coveredmethods="6"/>
          <line num="1" count="7" type="stmt"/>
          <line num="3" count="7" type="stmt"/>
          <line num="20" count="7" type="cond" truecount="3" falsecount="0"/>
          <line num="21" count="7" type="stmt"/>
          <line num="25" count="4" type="stmt"/>
          <line num="31" count="4" type="stmt"/>
          <line num="33" count="4" type="stmt"/>
          <line num="34" count="4" type="cond" truecount="2" falsecount="0"/>
          <line num="35" count="3" type="stmt"/>
          <line num="36" count="3" type="stmt"/>
          <line num="37" count="3" type="cond" truecount="1" falsecount="1"/>
          <line num="38" count="3" type="stmt"/>
          <line num="43" count="4" type="stmt"/>
          <line num="45" count="4" type="stmt"/>
          <line num="46" count="0" type="stmt"/>
          <line num="47" count="0" type="stmt"/>
          <line num="50" count="4" type="stmt"/>
          <line num="52" count="4" type="stmt"/>
          <line num="53" count="0" type="stmt"/>
          <line num="55" count="0" type="stmt"/>
          <line num="57" count="0" type="cond" truecount="0" falsecount="2"/>
          <line num="58" count="0" type="stmt"/>
          <line num="61" count="0" type="cond" truecount="0" falsecount="2"/>
          <line num="62" count="0" type="stmt"/>
          <line num="63" count="0" type="stmt"/>
          <line num="65" count="0" type="stmt"/>
          <line num="66" count="0" type="stmt"/>
          <line num="70" count="4" type="stmt"/>
          <line num="71" count="3" type="stmt"/>
          <line num="77" count="4" type="stmt"/>
          <line num="78" count="0" type="stmt"/>
          <line num="80" count="0" type="stmt"/>
          <line num="83" count="4" type="stmt"/>
          <line num="84" count="9" type="cond" truecount="3" falsecount="0"/>
          <line num="91" count="7" type="stmt"/>
          <line num="92" count="9" type="stmt"/>
          <line num="107" count="7" type="stmt"/>
        </file>
        <file name="index.ts" path="/Users/remek/workspace/kanban-app/src/components/Editable/index.ts">
          <metrics statements="2" coveredstatements="2" conditionals="0" coveredconditionals="0" methods="0" coveredmethods="0"/>
          <line num="1" count="6" type="stmt"/>
          <line num="3" count="6" type="stmt"/>
        </file>
      </package>
      <package name="src.components.Editable.__snapshots__">
        <metrics statements="1" coveredstatements="0" conditionals="0" coveredconditionals="0" methods="0" coveredmethods="0"/>
        <file name="Editable.spec.tsx.snap" path="/Users/remek/workspace/kanban-app/src/components/Editable/__snapshots__/Editable.spec.tsx.snap">
          <metrics statements="1" coveredstatements="0" conditionals="0" coveredconditionals="0" methods="0" coveredmethods="0"/>
          <line num="3" count="0" type="stmt"/>
        </file>
      </package>
      <package name="src.components.Lane">
        <metrics statements="20" coveredstatements="16" conditionals="0" coveredconditionals="0" methods="6" coveredmethods="2"/>
        <file name="Lane.tsx" path="/Users/remek/workspace/kanban-app/src/components/Lane/Lane.tsx">
          <metrics statements="18" coveredstatements="14" conditionals="0" coveredconditionals="0" methods="6" coveredmethods="2"/>
          <line num="1" count="3" type="stmt"/>
          <line num="2" count="3" type="stmt"/>
          <line num="3" count="3" type="stmt"/>
          <line num="5" count="3" type="stmt"/>
          <line num="7" count="3" type="stmt"/>
          <line num="9" count="3" type="stmt"/>
          <line num="10" count="3" type="stmt"/>
          <line num="11" count="3" type="stmt"/>
          <line num="13" count="3" type="stmt"/>
          <line num="31" count="3" type="stmt"/>
          <line num="38" count="9" type="stmt"/>
          <line num="44" count="3" type="stmt"/>
          <line num="45" count="0" type="stmt"/>
          <line num="47" count="0" type="stmt"/>
          <line num="50" count="3" type="stmt"/>
          <line num="52" count="0" type="stmt"/>
          <line num="53" count="0" type="stmt"/>
          <line num="57" count="3" type="stmt"/>
        </file>
        <file name="index.ts" path="/Users/remek/workspace/kanban-app/src/components/Lane/index.ts">
          <metrics statements="2" coveredstatements="2" conditionals="0" coveredconditionals="0" methods="0" coveredmethods="0"/>
          <line num="1" count="2" type="stmt"/>
          <line num="3" count="2" type="stmt"/>
        </file>
      </package>
      <package name="src.components.Lane.__snapshots__">
        <metrics statements="1" coveredstatements="0" conditionals="0" coveredconditionals="0" methods="0" coveredmethods="0"/>
        <file name="Lane.spec.tsx.snap" path="/Users/remek/workspace/kanban-app/src/components/Lane/__snapshots__/Lane.spec.tsx.snap">
          <metrics statements="1" coveredstatements="0" conditionals="0" coveredconditionals="0" methods="0" coveredmethods="0"/>
          <line num="3" count="0" type="stmt"/>
        </file>
      </package>
      <package name="src.components.NewCard">
        <metrics statements="26" coveredstatements="25" conditionals="5" coveredconditionals="5" methods="13" coveredmethods="10"/>
        <file name="NewCard.tsx" path="/Users/remek/workspace/kanban-app/src/components/NewCard/NewCard.tsx">
          <metrics statements="24" coveredstatements="23" conditionals="5" coveredconditionals="5" methods="13" coveredmethods="10"/>
          <line num="2" count="4" type="stmt"/>
          <line num="3" count="4" type="stmt"/>
          <line num="4" count="4" type="stmt"/>
          <line num="6" count="4" type="stmt"/>
          <line num="7" count="4" type="stmt"/>
          <line num="9" count="4" type="stmt"/>
          <line num="10" count="4" type="stmt"/>
          <line num="28" count="4" type="stmt"/>
          <line num="34" count="5" type="cond" truecount="3" falsecount="0"/>
          <line num="35" count="5" type="stmt"/>
          <line num="37" count="5" type="stmt"/>
          <line num="39" count="5" type="stmt"/>
          <line num="41" count="6" type="stmt"/>
          <line num="42" count="0" type="stmt"/>
          <line num="45" count="5" type="stmt"/>
          <line num="46" count="1" type="stmt"/>
          <line num="48" count="1" type="stmt"/>
          <line num="49" count="1" type="stmt"/>
          <line num="52" count="5" type="stmt"/>
          <line num="70" count="7" type="stmt"/>
          <line num="74" count="10" type="cond" truecount="2" falsecount="0"/>
          <line num="75" count="4" type="stmt"/>
          <line num="77" count="4" type="stmt"/>
          <line num="83" count="4" type="stmt"/>
        </file>
        <file name="index.ts" path="/Users/remek/workspace/kanban-app/src/components/NewCard/index.ts">
          <metrics statements="2" coveredstatements="2" conditionals="0" coveredconditionals="0" methods="0" coveredmethods="0"/>
          <line num="1" count="3" type="stmt"/>
          <line num="3" count="3" type="stmt"/>
        </file>
      </package>
      <package name="src.components.NewCard.__snapshots__">
        <metrics statements="1" coveredstatements="0" conditionals="0" coveredconditionals="0" methods="0" coveredmethods="0"/>
        <file name="NewCard.spec.tsx.snap" path="/Users/remek/workspace/kanban-app/src/components/NewCard/__snapshots__/NewCard.spec.tsx.snap">
          <metrics statements="1" coveredstatements="0" conditionals="0" coveredconditionals="0" methods="0" coveredmethods="0"/>
          <line num="3" count="0" type="stmt"/>
        </file>
      </package>
      <package name="src.components.NewLane">
        <metrics statements="26" coveredstatements="24" conditionals="5" coveredconditionals="5" methods="14" coveredmethods="9"/>
        <file name="NewLane.tsx" path="/Users/remek/workspace/kanban-app/src/components/NewLane/NewLane.tsx">
          <metrics statements="24" coveredstatements="22" conditionals="5" coveredconditionals="5" methods="14" coveredmethods="9"/>
          <line num="1" count="3" type="stmt"/>
          <line num="2" count="3" type="stmt"/>
          <line num="3" count="3" type="stmt"/>
          <line num="5" count="3" type="stmt"/>
          <line num="6" count="3" type="stmt"/>
          <line num="8" count="3" type="stmt"/>
          <line num="19" count="3" type="stmt"/>
          <line num="24" count="5" type="cond" truecount="3" falsecount="0"/>
          <line num="25" count="5" type="stmt"/>
          <line num="27" count="5" type="stmt"/>
          <line num="28" count="0" type="stmt"/>
          <line num="31" count="5" type="stmt"/>
          <line num="33" count="5" type="stmt"/>
          <line num="34" count="0" type="stmt"/>
          <line num="37" count="5" type="stmt"/>
          <line num="38" count="1" type="stmt"/>
          <line num="39" count="1" type="stmt"/>
          <line num="42" count="5" type="stmt"/>
          <line num="44" count="7" type="stmt"/>
          <line num="48" count="5" type="stmt"/>
          <line num="62" count="10" type="cond" truecount="2" falsecount="0"/>
          <line num="63" count="3" type="stmt"/>
          <line num="65" count="3" type="stmt"/>
          <line num="71" count="3" type="stmt"/>
        </file>
        <file name="index.ts" path="/Users/remek/workspace/kanban-app/src/components/NewLane/index.ts">
          <metrics statements="2" coveredstatements="2" conditionals="0" coveredconditionals="0" methods="0" coveredmethods="0"/>
          <line num="1" count="2" type="stmt"/>
          <line num="3" count="2" type="stmt"/>
        </file>
      </package>
      <package name="src.components.NewLane.__snapshots__">
        <metrics statements="1" coveredstatements="0" conditionals="0" coveredconditionals="0" methods="0" coveredmethods="0"/>
        <file name="NewLane.spec.tsx.snap" path="/Users/remek/workspace/kanban-app/src/components/NewLane/__snapshots__/NewLane.spec.tsx.snap">
          <metrics statements="1" coveredstatements="0" conditionals="0" coveredconditionals="0" methods="0" coveredmethods="0"/>
          <line num="3" count="0" type="stmt"/>
        </file>
      </package>
      <package name="src.reducers">
        <metrics statements="49" coveredstatements="42" conditionals="19" coveredconditionals="17" methods="17" coveredmethods="15"/>
        <file name="cardsReducer.ts" path="/Users/remek/workspace/kanban-app/src/reducers/cardsReducer.ts">
          <metrics statements="22" coveredstatements="19" conditionals="9" coveredconditionals="8" methods="9" coveredmethods="7"/>
          <line num="1" count="1" type="stmt"/>
          <line num="2" count="1" type="stmt"/>
          <line num="13" count="1" type="stmt"/>
          <line num="18" count="6" type="cond" truecount="2" falsecount="0"/>
          <line num="19" count="5" type="stmt"/>
          <line num="21" count="1" type="stmt"/>
          <line num="24" count="1" type="stmt"/>
          <line num="27" count="1" type="stmt"/>
          <line num="28" count="1" type="stmt"/>
          <line num="32" count="1" type="stmt"/>
          <line num="34" count="1" type="stmt"/>
          <line num="39" count="1" type="stmt"/>
          <line num="49" count="1" type="cond" truecount="1" falsecount="1"/>
          <line num="51" count="1" type="stmt"/>
          <line num="53" count="1" type="stmt"/>
          <line num="58" count="1" type="stmt"/>
          <line num="60" count="1" type="stmt"/>
          <line num="73" count="2" type="stmt"/>
          <line num="75" count="1" type="stmt"/>
          <line num="77" count="0" type="stmt"/>
          <line num="79" count="0" type="stmt"/>
          <line num="81" count="0" type="stmt"/>
        </file>
        <file name="lanesReducer.ts" path="/Users/remek/workspace/kanban-app/src/reducers/lanesReducer.ts">
          <metrics statements="23" coveredstatements="23" conditionals="10" coveredconditionals="9" methods="8" coveredmethods="8"/>
          <line num="1" count="1" type="stmt"/>
          <line num="2" count="1" type="stmt"/>
          <line num="14" count="1" type="stmt"/>
          <line num="19" count="7" type="cond" truecount="2" falsecount="0"/>
          <line num="20" count="6" type="stmt"/>
          <line num="22" count="1" type="stmt"/>
          <line num="25" count="1" type="stmt"/>
          <line num="28" count="1" type="stmt"/>
          <line num="29" count="1" type="stmt"/>
          <line num="33" count="1" type="stmt"/>
          <line num="36" count="1" type="stmt"/>
          <line num="38" count="1" type="stmt"/>
          <line num="43" count="1" type="stmt"/>
          <line num="53" count="1" type="cond" truecount="1" falsecount="1"/>
          <line num="55" count="1" type="stmt"/>
          <line num="57" count="1" type="stmt"/>
          <line num="62" count="1" type="stmt"/>
          <line num="64" count="1" type="stmt"/>
          <line num="77" count="1" type="stmt"/>
          <line num="79" count="1" type="stmt"/>
          <line num="92" count="1" type="stmt"/>
          <line num="94" count="1" type="stmt"/>
          <line num="99" count="2" type="stmt"/>
        </file>
        <file name="rootReducer.ts" path="/Users/remek/workspace/kanban-app/src/reducers/rootReducer.ts">
          <metrics statements="4" coveredstatements="0" conditionals="0" coveredconditionals="0" methods="0" coveredmethods="0"/>
          <line num="1" count="0" type="stmt"/>
          <line num="4" count="0" type="stmt"/>
          <line num="6" count="0" type="stmt"/>
          <line num="15" count="0" type="stmt"/>
        </file>
      </package>
      <package name="src.reducers.__snapshots__">
        <metrics statements="2" coveredstatements="0" conditionals="0" coveredconditionals="0" methods="0" coveredmethods="0"/>
        <file name="cardsReducer.spec.ts.snap" path="/Users/remek/workspace/kanban-app/src/reducers/__snapshots__/cardsReducer.spec.ts.snap">
          <metrics statements="1" coveredstatements="0" conditionals="0" coveredconditionals="0" methods="0" coveredmethods="0"/>
          <line num="3" count="0" type="stmt"/>
        </file>
        <file name="lanesReducer.spec.ts.snap" path="/Users/remek/workspace/kanban-app/src/reducers/__snapshots__/lanesReducer.spec.ts.snap">
          <metrics statements="1" coveredstatements="0" conditionals="0" coveredconditionals="0" methods="0" coveredmethods="0"/>
          <line num="3" count="0" type="stmt"/>
        </file>
      </package>
      <package name="src.selectors">
        <metrics statements="6" coveredstatements="6" conditionals="0" coveredconditionals="0" methods="6" coveredmethods="0"/>
        <file name="cardsSelector.ts" path="/Users/remek/workspace/kanban-app/src/selectors/cardsSelector.ts">
          <metrics statements="3" coveredstatements="3" conditionals="0" coveredconditionals="0" methods="3" coveredmethods="0"/>
          <line num="4" count="4" type="stmt"/>
          <line num="5" count="4" type="stmt"/>
          <line num="6" count="4" type="stmt"/>
        </file>
        <file name="lanesSelector.ts" path="/Users/remek/workspace/kanban-app/src/selectors/lanesSelector.ts">
          <metrics statements="3" coveredstatements="3" conditionals="0" coveredconditionals="0" methods="3" coveredmethods="0"/>
          <line num="4" count="3" type="stmt"/>
          <line num="5" count="3" type="stmt"/>
          <line num="6" count="3" type="stmt"/>
        </file>
      </package>
      <package name="test">
        <metrics statements="3" coveredstatements="3" conditionals="0" coveredconditionals="0" methods="0" coveredmethods="0"/>
        <file name="setup.ts" path="/Users/remek/workspace/kanban-app/test/setup.ts">
          <metrics statements="3" coveredstatements="3" conditionals="0" coveredconditionals="0" methods="0" coveredmethods="0"/>
          <line num="1" count="9" type="stmt"/>
          <line num="2" count="9" type="stmt"/>
          <line num="4" count="9" type="stmt"/>
        </file>
      </package>
      <package name="webpack">
        <metrics statements="10" coveredstatements="0" conditionals="0" coveredconditionals="0" methods="0" coveredmethods="0"/>
        <file name="webpack.config.js" path="/Users/remek/workspace/kanban-app/webpack/webpack.config.js">
          <metrics statements="5" coveredstatements="0" conditionals="0" coveredconditionals="0" methods="0" coveredmethods="0"/>
          <line num="1" count="0" type="stmt"/>
          <line num="3" count="0" type="stmt"/>
          <line num="4" count="0" type="stmt"/>
          <line num="5" count="0" type="stmt"/>
          <line num="7" count="0" type="stmt"/>
        </file>
        <file name="webpack.dev.config.js" path="/Users/remek/workspace/kanban-app/webpack/webpack.dev.config.js">
          <metrics statements="3" coveredstatements="0" conditionals="0" coveredconditionals="0" methods="0" coveredmethods="0"/>
          <line num="1" count="0" type="stmt"/>
          <line num="2" count="0" type="stmt"/>
          <line num="4" count="0" type="stmt"/>
        </file>
        <file name="webpack.prod.config.js" path="/Users/remek/workspace/kanban-app/webpack/webpack.prod.config.js">
          <metrics statements="2" coveredstatements="0" conditionals="0" coveredconditionals="0" methods="0" coveredmethods="0"/>
          <line num="1" count="0" type="stmt"/>
          <line num="3" count="0" type="stmt"/>
        </file>
      </package>
    </metrics>
  </project>
</coverage>
